<?xml version="1.0" encoding="UTF-8"?>
<testsuite name="org.schabi.newpipe.report.ErrorActivityTest" tests="1" skipped="0" failures="0" errors="0" timestamp="2019-09-30T21:08:08" hostname="galliumos" time="0.513">
  <properties/>
  <testcase name="getReturnActivity" classname="org.schabi.newpipe.report.ErrorActivityTest" time="0.513"/>
  <system-out><![CDATA[]]></system-out>
  <system-err><![CDATA[]]></system-err>
</testsuite>
