<?xml version="1.0" encoding="UTF-8"?>
<testsuite name="org.schabi.newpipe.settings.tabs.TabsJsonHelperTest" tests="5" skipped="3" failures="0" errors="0" timestamp="2019-09-30T21:09:28" hostname="galliumos" time="0.207">
  <properties/>
  <testcase name="testInvalidRead" classname="org.schabi.newpipe.settings.tabs.TabsJsonHelperTest" time="0.151"/>
  <testcase name="testSaveAndReading" classname="org.schabi.newpipe.settings.tabs.TabsJsonHelperTest" time="0.002">
    <skipped/>
  </testcase>
  <testcase name="testEmptyAndNullRead" classname="org.schabi.newpipe.settings.tabs.TabsJsonHelperTest" time="0.002">
    <skipped/>
  </testcase>
  <testcase name="testEmptyAndNullSave" classname="org.schabi.newpipe.settings.tabs.TabsJsonHelperTest" time="0.023"/>
  <testcase name="testInvalidIdRead" classname="org.schabi.newpipe.settings.tabs.TabsJsonHelperTest" time="0.001">
    <skipped/>
  </testcase>
  <system-out><![CDATA[]]></system-out>
  <system-err><![CDATA[]]></system-err>
</testsuite>
