<?xml version="1.0" encoding="UTF-8"?>
<testsuite name="org.schabi.newpipe.settings.tabs.TabTest" tests="1" skipped="1" failures="0" errors="0" timestamp="2019-09-30T21:09:28" hostname="galliumos" time="0.003">
  <properties/>
  <testcase name="checkIdDuplication" classname="org.schabi.newpipe.settings.tabs.TabTest" time="0.003">
    <skipped/>
  </testcase>
  <system-out><![CDATA[]]></system-out>
  <system-err><![CDATA[]]></system-err>
</testsuite>
