<?xml version="1.0" encoding="UTF-8"?>
<testsuite name="org.schabi.newpipe.local.subscription.services.ImportExportJsonHelperTest" tests="3" skipped="0" failures="0" errors="0" timestamp="2019-09-30T21:09:28" hostname="galliumos" time="0.133">
  <properties/>
  <testcase name="ultimateTest" classname="org.schabi.newpipe.local.subscription.services.ImportExportJsonHelperTest" time="0.116"/>
  <testcase name="testEmptySource" classname="org.schabi.newpipe.local.subscription.services.ImportExportJsonHelperTest" time="0.003"/>
  <testcase name="testInvalidSource" classname="org.schabi.newpipe.local.subscription.services.ImportExportJsonHelperTest" time="0.007"/>
  <system-out><![CDATA[]]></system-out>
  <system-err><![CDATA[]]></system-err>
</testsuite>
