<?xml version="1.0" encoding="UTF-8"?>
<testsuite name="org.schabi.newpipe.util.ListHelperTest" tests="10" skipped="0" failures="0" errors="0" timestamp="2019-09-30T21:09:28" hostname="galliumos" time="0.278">
  <properties/>
  <testcase name="getHighestQualityAudioNull" classname="org.schabi.newpipe.util.ListHelperTest" time="0.021"/>
  <testcase name="getLowestQualityAudioNull" classname="org.schabi.newpipe.util.ListHelperTest" time="0.002"/>
  <testcase name="getSortedStreamVideosExceptHighResolutionsTest" classname="org.schabi.newpipe.util.ListHelperTest" time="0.042"/>
  <testcase name="getLowestQualityAudioFormatPreferredAbsent" classname="org.schabi.newpipe.util.ListHelperTest" time="0.004"/>
  <testcase name="getHighestQualityAudioFormatTest" classname="org.schabi.newpipe.util.ListHelperTest" time="0.005"/>
  <testcase name="getHighestQualityAudioFormatPreferredAbsent" classname="org.schabi.newpipe.util.ListHelperTest" time="0.006"/>
  <testcase name="getLowestQualityAudioFormatTest" classname="org.schabi.newpipe.util.ListHelperTest" time="0.002"/>
  <testcase name="getVideoDefaultStreamIndexCombinations" classname="org.schabi.newpipe.util.ListHelperTest" time="0.119"/>
  <testcase name="getSortedStreamVideosListTest" classname="org.schabi.newpipe.util.ListHelperTest" time="0.019"/>
  <testcase name="getDefaultResolutionTest" classname="org.schabi.newpipe.util.ListHelperTest" time="0.03"/>
  <system-out><![CDATA[]]></system-out>
  <system-err><![CDATA[]]></system-err>
</testsuite>
